
     Program WFREQ v. 1.0.1 svn rev. 15 starts on 18Jun2015 at 17:42:44 

     This program is part of the open-source West suite
     for massively parallel calculations of excited states in materials; please cite
         "M. Govoni et al., J. Chem. Theory Comput. 11, 2680 (2015)
          URL http://www.west-code.org", 
     in publications or presentations arising from this work.

     Based on the Quantum ESPRESSO v. 5.2.0 svn rev. 11583
       
     --------------------------------------------------------------------------------------------
     **MPI** Parallelization Status                                      
     --------------------------------------------------------------------------------------------
                     2                   1             1             1             2
     --------------------------------------------------------------------------------------------
                     N         =         I      X      P      X      B      X      Z
                     ^                   ^             ^             ^             ^
                     |                   |             |             |             |
                   #tsk                  |             |             |             |
                                      #image           |             |             |
                                                     #pool           |             |
                                                                   #bgrp           |
                                                                                 #R&G
     --------------------------------------------------------------------------------------------
     **OPENMP** Parallelization Status
     #thr/rnk               =            4
     --------------------------------------------------------------------------------------------
     #cores = (rnk) * (thr) =            8
     --------------------------------------------------------------------------------------------
       
     --------------------------------------------------------------------------------------------
     I/O Summary : input_west                                            
     --------------------------------------------------------------------------------------------
     qe_prefix      = h2o
     west_prefix    = h2o
     outdir         = ./ 
     --------------------------------------------------------------------------------------------
       
     --------------------------------------------------------------------------------------------
     I/O Summary : west_control                                          
     --------------------------------------------------------------------------------------------
     wstat_calculation              =              S
     n_pdep_eigen                   =             10
     n_pdep_times                   =              4
     n_pdep_maxiter                 =            100
     n_dfpt_maxiter                 =            250
     n_pdep_read_from_file          =              0
     trev_pdep                      =   1.000000E-05
     tr2_dfpt                       =   1.000000E-12
     l_kinetic_only                 =              F
     l_minimize_exx_if_active       =              F
     --------------------------------------------------------------------------------------------
       
     --------------------------------------------------------------------------------------------
     I/O Summary : wfreq_control                                         
     --------------------------------------------------------------------------------------------
     wfreq_calculation                        =           XWGQ
     n_pdep_eigen_to_use                      =             10
     qp_bandrange(1)                          =              7
     qp_bandrange(2)                          =              8
     macropol_calculation                     =              N
     n_lanczos                                =             30
     n_imfreq                                 =            100
     n_refreq                                 =            100
     ecut_imfreq [Ry]                         =     120.000000
     ecut_refreq [Ry]                         =       3.000000
     wfreq_eta [Ry]                           =       0.003675
     n_secant_maxiter                         =              7
     trev_secant [Ry]                         =       0.003675
     l_enable_lanczos                         =              T
     l_enable_gwetot                          =              F
     div_kind_hf                              =              2
     o_restart_time [min]                     =       0.000000
     --------------------------------------------------------------------------------------------

     Reading data from directory:
     h2o.save

   Info: using nr1, nr2, nr3 values from input

   Info: using nr1, nr2, nr3 values from input

     IMPORTANT: XC functional enforced from input :
     Exchange-correlation      = PBE ( 1  4  3  4 0 0)
     Any further DFT definition will be discarded
     Please, verify this is what you really want

               file H.pbe-vbc.UPF: wavefunction(s)  0S renormalized
               file O.pbe-mt.UPF: wavefunction(s)  4f renormalized

     Parallelization info
     --------------------
     sticks:   dense  smooth     PW     G-vecs:    dense   smooth      PW
     Min        2288    2288    567               116324   116324   14493
     Max        2289    2289    570               116329   116329   14498
     Sum        4577    4577   1137               232653   232653   28991
     Tot        2289    2289    569

       
     --------------------------------------------------------------------------------------------
     System Overview                                                     
     --------------------------------------------------------------------------------------------
     gamma_only           =              T
     ecutwfc [Ry]         =      85.000000
     omega [au^3]         =   2.197000E+03
     glob. #G             =          14496
     nbnd                 =             16
     nkstot               =              1
     nspin                =              1
     nelec                =       8.000000
     npol                 =              1
     lsda                 =              F
     noncolin             =              F
     lspinorb             =              F
     domag                =              F
     --------------------------------------------------------------------------------------------

     sFFT G-space:   116327 G-vectors     R-space: (  80,  80,  80)
     dFFT G-space:   116327 G-vectors     R-space: (  80,  80,  80)

     Cell [a.u.]          =      13.000000      0.000000      0.000000
                          =       0.000000     13.000000      0.000000
                          =       0.000000      0.000000     13.000000
      
     Spherical div        =   3.817541E-01
     Orthorombic div      =   3.756922E-01
       
     --------------------------------------------------------------------------------------------
     Parallelization for npdep                                           
     --------------------------------------------------------------------------------------------
     nglob                =             10
     nlevel               =              1
     Min nglob/nlevel     =             10
     Max nglob/nlevel     =             10
     --------------------------------------------------------------------------------------------
       
     --------------------------------------------------------------------------------------------
     Parallelization for npdep+macro                                     
     --------------------------------------------------------------------------------------------
     nglob                =             13
     nlevel               =              1
     Min nglob/nlevel     =             13
     Max nglob/nlevel     =             13
     --------------------------------------------------------------------------------------------
       
     --------------------------------------------------------------------------------------------
     Parallelization for n_imfreq                                        
     --------------------------------------------------------------------------------------------
     nglob                =            100
     nlevel               =              2
     Min nglob/nlevel     =             50
     Max nglob/nlevel     =             50
     --------------------------------------------------------------------------------------------
       
     --------------------------------------------------------------------------------------------
     Parallelization for n_refreq                                        
     --------------------------------------------------------------------------------------------
     nglob                =            100
     nlevel               =              2
     Min nglob/nlevel     =             50
     Max nglob/nlevel     =             50
     --------------------------------------------------------------------------------------------
       
     --------------------------------------------------------------------------------------------
     Parallelization for nbnd                                            
     --------------------------------------------------------------------------------------------
     nglob                =             16
     nlevel               =              1
     Min nglob/nlevel     =             16
     Max nglob/nlevel     =             16
     --------------------------------------------------------------------------------------------
       
     --------------------------------------------------------------------------------------------
     Hartree-Fock Exact E(X)change                                       
     --------------------------------------------------------------------------------------------
      
     --------------------------------------------------------------------------------------------
     Vxc
     --------------------------------------------------------------------------------------------
     in progress... |####################| 100% :             < 00.1s (E)             < 00.1s (X)
     --------------------------------------------------------------------------------------------
      
     --------------------------------------------------------------------------------------------
     Sigma_X
     --------------------------------------------------------------------------------------------
     in progress... |##########          | 050% :               00.2s (E)               00.4s (X)
     in progress... |####################| 100% :               00.4s (E)               00.4s (X)
     --------------------------------------------------------------------------------------------
       
     --------------------------------------------------------------------------------------------
     (W)-Lanczos                                                         
     --------------------------------------------------------------------------------------------
     in progress... |#####               | 025% :               06.7s (E)               27.1s (X)
     in progress... |##########          | 050% :               15.0s (E)               30.0s (X)
     in progress... |###############     | 075% :               22.8s (E)               30.4s (X)
     in progress... |####################| 100% :               30.3s (E)               30.3s (X)
     --------------------------------------------------------------------------------------------
       
     --------------------------------------------------------------------------------------------
     (G)-Lanczos                                                         
     --------------------------------------------------------------------------------------------
     in progress... |##########          | 050% :               06.6s (E)               13.2s (X)
     in progress... |####################| 100% :               13.2s (E)               13.2s (X)
     --------------------------------------------------------------------------------------------
       
     --------------------------------------------------------------------------------------------
     (Q)uasiparticle corrections                                         
     --------------------------------------------------------------------------------------------
     Collecting results from W and G
     --------------------------------------------------------------------------------------------
     in progress... |##########          | 050% :             < 00.1s (E)             < 00.1s (X)
     in progress... |####################| 100% :             < 00.1s (E)             < 00.1s (X)
     --------------------------------------------------------------------------------------------
       
     --------------------------------------------------------------------------------------------
     Sigma_C                                                             
     --------------------------------------------------------------------------------------------
     Integrating along the IM axis...
     --------------------------------------------------------------------------------------------
     in progress... |##########          | 050% :             < 00.1s (E)             < 00.1s (X)
     in progress... |####################| 100% :             < 00.1s (E)             < 00.1s (X)
     --------------------------------------------------------------------------------------------
     Residues along the RE axis...
     --------------------------------------------------------------------------------------------
     in progress... |##########          | 050% :             < 00.1s (E)             < 00.1s (X)
     in progress... |####################| 100% :             < 00.1s (E)             < 00.1s (X)
     --------------------------------------------------------------------------------------------
           1.853504 :      -0.308840     -0.000263
           2.270881 :      -0.082718     -0.000021
       
     --------------------------------------------------------------------------------------------
     Sigma_C                                                             
     --------------------------------------------------------------------------------------------
     Integrating along the IM axis...
     --------------------------------------------------------------------------------------------
     in progress... |##########          | 050% :             < 00.1s (E)             < 00.1s (X)
     in progress... |####################| 100% :             < 00.1s (E)             < 00.1s (X)
     --------------------------------------------------------------------------------------------
     Residues along the RE axis...
     --------------------------------------------------------------------------------------------
     in progress... |##########          | 050% :             < 00.1s (E)             < 00.1s (X)
     in progress... |####################| 100% :             < 00.1s (E)             < 00.1s (X)
     --------------------------------------------------------------------------------------------
           1.953504 :      -0.310582     -0.000398
           2.370881 :      -0.083032     -0.000033


     --------------------------------------------------------------------------------------------
     Iter: 000000, QP energies [eV]
     --------------------------------------------------------------------------------------------
           4.262833      3.572049
     --------------------------------------------------------------------------------------------
       
     --------------------------------------------------------------------------------------------
     Iter : 000001                                                       
     --------------------------------------------------------------------------------------------
       
     --------------------------------------------------------------------------------------------
     Sigma_C                                                             
     --------------------------------------------------------------------------------------------
     Integrating along the IM axis...
     --------------------------------------------------------------------------------------------
     in progress... |##########          | 050% :             < 00.1s (E)             < 00.1s (X)
     in progress... |####################| 100% :             < 00.1s (E)             < 00.1s (X)
     --------------------------------------------------------------------------------------------
     Residues along the RE axis...
     --------------------------------------------------------------------------------------------
     in progress... |##########          | 050% :             < 00.1s (E)             < 00.1s (X)
     in progress... |####################| 100% :             < 00.1s (E)             < 00.1s (X)
     --------------------------------------------------------------------------------------------
           4.262833 :      -0.355796     -0.000588
           3.572049 :      -0.086991     -0.000037


     --------------------------------------------------------------------------------------------
     Iter: 000001, QP energies [eV]
     --------------------------------------------------------------------------------------------
           4.257942      3.571862
     --------------------------------------------------------------------------------------------
       
     --------------------------------------------------------------------------------------------
     CONVERGENCE ACHIEVED !!!                                            
     --------------------------------------------------------------------------------------------
       
     --------------------------------------------------------------------------------------------
     Done, take a look at the o-eqp_K*.tab file(s) .                     
     --------------------------------------------------------------------------------------------

     WFREQ        :  1m 1.91s CPU     0m45.32s WALL

     wfreq_readin :      0.89s CPU      0.77s WALL (       1 calls)
     fetch_nml    :      0.00s CPU      0.00s WALL (       1 calls)
     init_vloc    :      0.04s CPU      0.05s WALL (       2 calls)
     fft          :      0.79s CPU      0.50s WALL (      17 calls)
     fft_scatter  :      5.63s CPU      5.85s WALL (    1963 calls)
     v_of_rho     :      0.51s CPU      0.36s WALL (       1 calls)
     v_xc         :      0.93s CPU      0.67s WALL (       2 calls)
     v_h          :      0.05s CPU      0.03s WALL (       1 calls)
     davcio       :      0.00s CPU      0.00s WALL (       2 calls)
     init_us_1    :      0.05s CPU      0.05s WALL (       2 calls)
     do_setup     :      0.05s CPU      0.06s WALL (       1 calls)
     init_pw_ar   :      0.05s CPU      0.06s WALL (       1 calls)
     storesqvc    :      0.02s CPU      0.02s WALL (       2 calls)
     solve_hf     :      1.26s CPU      0.88s WALL (       1 calls)
     sigmavxc     :      0.07s CPU      0.05s WALL (       1 calls)
     fftw         :     51.65s CPU     35.13s WALL (    1938 calls)
     sigmax       :      0.70s CPU      0.46s WALL (       1 calls)
     init_us_2    :      0.03s CPU      0.03s WALL (       3 calls)
     ffts         :      0.38s CPU      0.24s WALL (       8 calls)
     wlanczos     :     40.12s CPU     30.31s WALL (       1 calls)
     alphapc      :      1.18s CPU      1.21s WALL (     190 calls)
     lan_H        :     55.51s CPU     40.47s WALL (       6 calls)
     h_psi        :     52.38s CPU     37.36s WALL (     180 calls)
     h_psi:vloc   :     51.60s CPU     36.55s WALL (     180 calls)
     h_psi:vnl    :      0.68s CPU      0.70s WALL (     180 calls)
     calbec       :      0.39s CPU      0.40s WALL (     180 calls)
     add_vuspsi   :      0.29s CPU      0.30s WALL (     180 calls)
     brak         :      0.32s CPU      0.32s WALL (       6 calls)
     sw_restart   :      0.00s CPU      0.04s WALL (       4 calls)
     chi0_diag    :      0.00s CPU      0.00s WALL (       1 calls)
     glanczos     :     19.57s CPU     13.27s WALL (       1 calls)
     sg_restart   :      0.00s CPU      0.00s WALL (       2 calls)
     solve_qp     :      0.01s CPU      0.02s WALL (       1 calls)
     coll_gw      :      0.01s CPU      0.01s WALL (       1 calls)
     sigmac_i     :      0.00s CPU      0.00s WALL (       3 calls)
     sigmac_r     :      0.00s CPU      0.00s WALL (       3 calls)

     WFREQ        :  1m 1.91s CPU     0m45.32s WALL


   This run was terminated on:  17:43:30  18Jun2015            

=------------------------------------------------------------------------------=
   JOB DONE.
=------------------------------------------------------------------------------=
