
     Program WSTAT v. 1.0.1 svn rev. 15 starts on 18Jun2015 at 17:38:45 

     This program is part of the open-source West suite
     for massively parallel calculations of excited states in materials; please cite
         "M. Govoni et al., J. Chem. Theory Comput. 11, 2680 (2015)
          URL http://www.west-code.org", 
     in publications or presentations arising from this work.

     Based on the Quantum ESPRESSO v. 5.2.0 svn rev. 11583
       
     --------------------------------------------------------------------------------------------
     **MPI** Parallelization Status                                      
     --------------------------------------------------------------------------------------------
                     2                   1             1             1             2
     --------------------------------------------------------------------------------------------
                     N         =         I      X      P      X      B      X      Z
                     ^                   ^             ^             ^             ^
                     |                   |             |             |             |
                   #tsk                  |             |             |             |
                                      #image           |             |             |
                                                     #pool           |             |
                                                                   #bgrp           |
                                                                                 #R&G
     --------------------------------------------------------------------------------------------
     **OPENMP** Parallelization Status
     #thr/rnk               =            4
     --------------------------------------------------------------------------------------------
     #cores = (rnk) * (thr) =            8
     --------------------------------------------------------------------------------------------
       
     --------------------------------------------------------------------------------------------
     I/O Summary : input_west                                            
     --------------------------------------------------------------------------------------------
     qe_prefix      = h2o
     west_prefix    = h2o
     outdir         = ./
     --------------------------------------------------------------------------------------------
       
     --------------------------------------------------------------------------------------------
     I/O Summary : west_control                                          
     --------------------------------------------------------------------------------------------
     wstat_calculation              =              S
     n_pdep_eigen                   =             10
     n_pdep_times                   =              4
     n_pdep_maxiter                 =            100
     n_dfpt_maxiter                 =            250
     n_pdep_read_from_file          =              0
     trev_pdep                      =   1.000000E-05
     tr2_dfpt                       =   1.000000E-12
     l_kinetic_only                 =              F
     l_minimize_exx_if_active       =              F
     --------------------------------------------------------------------------------------------

     Reading data from directory:
     h2o.save

   Info: using nr1, nr2, nr3 values from input

   Info: using nr1, nr2, nr3 values from input

     IMPORTANT: XC functional enforced from input :
     Exchange-correlation      = PBE ( 1  4  3  4 0 0)
     Any further DFT definition will be discarded
     Please, verify this is what you really want

               file H.pbe-vbc.UPF: wavefunction(s)  0S renormalized
               file O.pbe-mt.UPF: wavefunction(s)  4f renormalized

     Parallelization info
     --------------------
     sticks:   dense  smooth     PW     G-vecs:    dense   smooth      PW
     Min        2288    2288    567               116324   116324   14493
     Max        2289    2289    570               116329   116329   14498
     Sum        4577    4577   1137               232653   232653   28991
     Tot        2289    2289    569

       
     --------------------------------------------------------------------------------------------
     System Overview                                                     
     --------------------------------------------------------------------------------------------
     gamma_only           =              T
     ecutwfc [Ry]         =      85.000000
     omega [au^3]         =   2.197000E+03
     glob. #G             =          14496
     nbnd                 =             16
     nkstot               =              1
     nspin                =              1
     nelec                =       8.000000
     npol                 =              1
     lsda                 =              F
     noncolin             =              F
     lspinorb             =              F
     domag                =              F
     --------------------------------------------------------------------------------------------

     sFFT G-space:   116327 G-vectors     R-space: (  80,  80,  80)
     dFFT G-space:   116327 G-vectors     R-space: (  80,  80,  80)

     Cell [a.u.]          =      13.000000      0.000000      0.000000
                          =       0.000000     13.000000      0.000000
                          =       0.000000      0.000000     13.000000
      
     Spherical div        =   3.817541E-01
     Orthorombic div      =   3.756922E-01
       
     --------------------------------------------------------------------------------------------
     Parallelization for nvecx                                           
     --------------------------------------------------------------------------------------------
     nglob                =             40
     nlevel               =              1
     Min nglob/nlevel     =             40
     Max nglob/nlevel     =             40
     --------------------------------------------------------------------------------------------

     [MEM] ----------------------------------------------------------
     [MEM] **Memory** analysis: QE
     [MEM] ----------------------------------------------------------
     [MEM] Allocated arrays           est. size (Mb)     dimensions
     [MEM] ----------------------------------------------------------
     [MEM] Kohn-Sham Wavefunctions       1.77 Mb     (   7247,   16)
     [MEM] NL pseudopotentials           1.22 Mb     (   7247,   11)
     [MEM] Each V/rho on FFT grid        3.91 Mb     ( 256000)
     [MEM] Each G-vector array           0.44 Mb     (  58165)
     [MEM] G-vector shells               0.01 Mb     (   1213)
     [MEM] ----------------------------------------------------------
     [MEM] TOT                           7.34 Mb
     [MEM] ----------------------------------------------------------
     [MEM] 
     [MEM] ----------------------------------------------------------
     [MEM] **Memory** analysis: WSTAT global
     [MEM] ----------------------------------------------------------
     [MEM] Allocated arrays           est. size (Mb)     dimensions
     [MEM] ----------------------------------------------------------
     [MEM] dvg                           4.42 Mb     (   7247,   40)
     [MEM] dng                           4.42 Mb     (   7247,   40)
     [MEM] hr_distr                      0.01 Mb     (     40,   40)
     [MEM] vr_distr                      0.01 Mb     (     40,   40)
     [MEM] ----------------------------------------------------------
     [MEM] TOT                           8.87 Mb
     [MEM] ----------------------------------------------------------
     [MEM] 
     [MEM] ----------------------------------------------------------
     [MEM] **Memory** analysis: WSTAT temporary
     [MEM] ----------------------------------------------------------
     [MEM] Allocated arrays           est. size (Mb)     dimensions
     [MEM] ----------------------------------------------------------
     [MEM] h_diag                        0.44 Mb     (   7247,    4)
     [MEM] dvpsi                         0.44 Mb     (   7247,    4)
     [MEM] dpsi                          0.44 Mb     (   7247,    4)
     [MEM] aux_r                         3.91 Mb     ( 256000)
     [MEM] aux_g                         0.11 Mb     (   7247)
     [MEM] dhg                           4.42 Mb     (   7247,   40)
     [MEM] ----------------------------------------------------------
     [MEM] TOT                           5.34 Mb
     [MEM] ----------------------------------------------------------

                       *----------*              *----------*               *----------*
     #     Iteration = | starting |   DFPT_dim = |       10 |   Diago_dim = |       10 |  x 1/2
                       *----------*              *----------*               *----------*
       
     --------------------------------------------------------------------------------------------
     Sternheimer eq. solver...                                           
     --------------------------------------------------------------------------------------------
     in progress... |##                  | 010% :               02.8s (E)               28.1s (X)
     in progress... |####                | 020% :               05.8s (E)               29.1s (X)
     in progress... |######              | 030% :               08.8s (E)               29.3s (X)
     in progress... |########            | 040% :               11.7s (E)               29.3s (X)
     in progress... |##########          | 050% :               14.5s (E)               29.0s (X)
     in progress... |############        | 060% :               17.3s (E)               28.9s (X)
     in progress... |##############      | 070% :               20.3s (E)               29.0s (X)
     in progress... |################    | 080% :               23.2s (E)               29.0s (X)
     in progress... |##################  | 090% :               26.0s (E)               28.9s (X)
     in progress... |####################| 100% :               29.4s (E)               29.4s (X)
     --------------------------------------------------------------------------------------------

     [I/O] -------------------------------------------------------
     [I/O] RESTART written in < 00.1s             
     [I/O] In location   : h2o.wstat.restart
     [I/O] -------------------------------------------------------

                       *----------*              *----------*               *----------*
     #     Iteration = | starting |   DFPT_dim = |       10 |   Diago_dim = |       10 |  x 2/2
                       *----------*              *----------*               *----------*
       
     --------------------------------------------------------------------------------------------
     Sternheimer eq. solver...                                           
     --------------------------------------------------------------------------------------------
     in progress... |##                  | 010% :               03.2s (E)               32.3s (X)
     in progress... |####                | 020% :               06.1s (E)               30.7s (X)
     in progress... |######              | 030% :               09.0s (E)               30.2s (X)
     in progress... |########            | 040% :               12.4s (E)               31.1s (X)
     in progress... |##########          | 050% :               16.3s (E)               32.6s (X)
     in progress... |############        | 060% :               19.4s (E)               32.3s (X)
     in progress... |##############      | 070% :               22.9s (E)               32.8s (X)
     in progress... |################    | 080% :               25.8s (E)               32.3s (X)
     in progress... |##################  | 090% :               28.8s (E)               32.0s (X)
     in progress... |####################| 100% :               31.6s (E)               31.6s (X)
     --------------------------------------------------------------------------------------------
     p-DIAGOX done in < 00.1s with a SCALAPACK grid (2x1)
     --------------------------------------------------------------------------------------------
        
       -2.24947  -0.91301  -0.68250  -0.59691  -0.44915  -0.35654  -0.27714  -0.24092  -0.18429
       -0.17102
        
     --------------------------------------------------------------------------------------------
     Tot. elapsed time 01m-01.2s,  time spent in last iteration 01m-01.2s
     --------------------------------------------------------------------------------------------

     [I/O] -------------------------------------------------------
     [I/O] RESTART written in < 00.1s             
     [I/O] In location   : h2o.wstat.restart
     [I/O] -------------------------------------------------------

                       *----------*              *----------*               *----------*
     #     Iteration = |        1 |   DFPT_dim = |       10 |   Diago_dim = |       20 |
                       *----------*              *----------*               *----------*
       
     --------------------------------------------------------------------------------------------
     Sternheimer eq. solver...                                           
     --------------------------------------------------------------------------------------------
     in progress... |##                  | 010% :               02.9s (E)               29.8s (X)
     in progress... |####                | 020% :               05.9s (E)               29.6s (X)
     in progress... |######              | 030% :               08.9s (E)               29.9s (X)
     in progress... |########            | 040% :               12.0s (E)               30.1s (X)
     in progress... |##########          | 050% :               14.9s (E)               29.9s (X)
     in progress... |############        | 060% :               18.6s (E)               31.1s (X)
     in progress... |##############      | 070% :               22.0s (E)               31.4s (X)
     in progress... |################    | 080% :               25.3s (E)               31.6s (X)
     in progress... |##################  | 090% :               28.3s (E)               31.5s (X)
     in progress... |####################| 100% :               31.3s (E)               31.3s (X)
     --------------------------------------------------------------------------------------------
     p-DIAGOX done in < 00.1s with a SCALAPACK grid (2x1)
     --------------------------------------------------------------------------------------------
        
       -2.31731  -0.93268  -0.73215  -0.71293  -0.55565  -0.49380  -0.44985  -0.29400  -0.26218
       -0.22459
        
     --------------------------------------------------------------------------------------------
     Tot. elapsed time 01m-32.7s,  time spent in last iteration 31.3s
     --------------------------------------------------------------------------------------------

     [I/O] -------------------------------------------------------
     [I/O] RESTART written in < 00.1s             
     [I/O] In location   : h2o.wstat.restart
     [I/O] -------------------------------------------------------

                       *----------*              *----------*               *----------*
     #     Iteration = |        2 |   DFPT_dim = |       10 |   Diago_dim = |       30 |
                       *----------*              *----------*               *----------*
       
     --------------------------------------------------------------------------------------------
     Sternheimer eq. solver...                                           
     --------------------------------------------------------------------------------------------
     in progress... |##                  | 010% :               03.3s (E)               33.6s (X)
     in progress... |####                | 020% :               06.6s (E)               33.4s (X)
     in progress... |######              | 030% :               09.6s (E)               32.0s (X)
     in progress... |########            | 040% :               12.8s (E)               32.0s (X)
     in progress... |##########          | 050% :               15.5s (E)               31.0s (X)
     in progress... |############        | 060% :               18.7s (E)               31.1s (X)
     in progress... |##############      | 070% :               21.9s (E)               31.4s (X)
     in progress... |################    | 080% :               24.8s (E)               31.1s (X)
     in progress... |##################  | 090% :               27.7s (E)               30.8s (X)
     in progress... |####################| 100% :               30.5s (E)               30.5s (X)
     --------------------------------------------------------------------------------------------
     p-DIAGOX done in < 00.1s with a SCALAPACK grid (2x1)
     --------------------------------------------------------------------------------------------
        
       -2.31745  -0.93360  -0.73905  -0.71843  -0.57778  -0.50094  -0.45604  -0.31773  -0.30733
       -0.29291
        
     --------------------------------------------------------------------------------------------
     Tot. elapsed time 02m-03.3s,  time spent in last iteration 30.5s
     --------------------------------------------------------------------------------------------

     [I/O] -------------------------------------------------------
     [I/O] RESTART written in < 00.1s             
     [I/O] In location   : h2o.wstat.restart
     [I/O] -------------------------------------------------------

                       *----------*              *----------*               *----------*
     #     Iteration = |        3 |   DFPT_dim = |       10 |   Diago_dim = |       40 |
                       *----------*              *----------*               *----------*
       
     --------------------------------------------------------------------------------------------
     Sternheimer eq. solver...                                           
     --------------------------------------------------------------------------------------------
     in progress... |##                  | 010% :               03.2s (E)               32.0s (X)
     in progress... |####                | 020% :               07.0s (E)               35.1s (X)
     in progress... |######              | 030% :               10.3s (E)               34.6s (X)
     in progress... |########            | 040% :               14.1s (E)               35.3s (X)
     in progress... |##########          | 050% :               17.0s (E)               34.0s (X)
     in progress... |############        | 060% :               20.0s (E)               33.4s (X)
     in progress... |##############      | 070% :               23.0s (E)               32.9s (X)
     in progress... |################    | 080% :               25.7s (E)               32.2s (X)
     in progress... |##################  | 090% :               28.4s (E)               31.6s (X)
     in progress... |####################| 100% :               31.1s (E)               31.1s (X)
     --------------------------------------------------------------------------------------------
     p-DIAGOX done in < 00.1s with a SCALAPACK grid (2x1)
     --------------------------------------------------------------------------------------------
        
       -2.31745  -0.93360  -0.73910  -0.71850  -0.57812  -0.50115  -0.45632  -0.32359  -0.31592
       -0.30102
        
     --------------------------------------------------------------------------------------------
     Tot. elapsed time 02m-34.7s,  time spent in last iteration 31.2s
     --------------------------------------------------------------------------------------------

       Refresh the basis set

     [I/O] -------------------------------------------------------
     [I/O] RESTART written in < 00.1s             
     [I/O] In location   : h2o.wstat.restart
     [I/O] -------------------------------------------------------

                       *----------*              *----------*               *----------*
     #     Iteration = |        4 |   DFPT_dim = |        8 |   Diago_dim = |       18 |
                       *----------*              *----------*               *----------*
       
     --------------------------------------------------------------------------------------------
     Sternheimer eq. solver...                                           
     --------------------------------------------------------------------------------------------
     in progress... |##                  | 010% :               02.9s (E)               29.2s (X)
     in progress... |#####               | 025% :               06.3s (E)               25.3s (X)
     in progress... |#######             | 035% :               09.4s (E)               27.0s (X)
     in progress... |##########          | 050% :               12.2s (E)               24.5s (X)
     in progress... |############        | 060% :               15.3s (E)               25.6s (X)
     in progress... |###############     | 075% :               18.3s (E)               24.4s (X)
     in progress... |#################   | 085% :               21.3s (E)               25.1s (X)
     in progress... |####################| 100% :               24.3s (E)               24.3s (X)
     --------------------------------------------------------------------------------------------
     p-DIAGOX done in < 00.1s with a SCALAPACK grid (2x1)
     --------------------------------------------------------------------------------------------
        
       -2.31745  -0.93360  -0.73910  -0.71850  -0.57813  -0.50115  -0.45634  -0.32443  -0.31654
       -0.30155
        
     --------------------------------------------------------------------------------------------
     Tot. elapsed time 02m-59.1s,  time spent in last iteration 24.3s
     --------------------------------------------------------------------------------------------

     [I/O] -------------------------------------------------------
     [I/O] RESTART written in < 00.1s             
     [I/O] In location   : h2o.wstat.restart
     [I/O] -------------------------------------------------------

                       *----------*              *----------*               *----------*
     #     Iteration = |        5 |   DFPT_dim = |        4 |   Diago_dim = |       22 |
                       *----------*              *----------*               *----------*
       
     --------------------------------------------------------------------------------------------
     Sternheimer eq. solver...                                           
     --------------------------------------------------------------------------------------------
     in progress... |#####               | 025% :               03.4s (E)               13.8s (X)
     in progress... |##########          | 050% :               07.1s (E)               14.3s (X)
     in progress... |###############     | 075% :               10.5s (E)               14.1s (X)
     in progress... |####################| 100% :               13.4s (E)               13.4s (X)
     --------------------------------------------------------------------------------------------
     p-DIAGOX done in < 00.1s with a SCALAPACK grid (2x1)
     --------------------------------------------------------------------------------------------
        
       -2.31745  -0.93360  -0.73910  -0.71850  -0.57813  -0.50115  -0.45634  -0.32459  -0.31665
       -0.30162
        
     --------------------------------------------------------------------------------------------
     Tot. elapsed time 03m-12.7s,  time spent in last iteration 13.4s
     --------------------------------------------------------------------------------------------

     [I/O] -------------------------------------------------------
     [I/O] RESTART written in < 00.1s             
     [I/O] In location   : h2o.wstat.restart
     [I/O] -------------------------------------------------------

                       *----------*              *----------*               *----------*
     #     Iteration = |        6 |   DFPT_dim = |        3 |   Diago_dim = |       25 |
                       *----------*              *----------*               *----------*
       
     --------------------------------------------------------------------------------------------
     Sternheimer eq. solver...                                           
     --------------------------------------------------------------------------------------------
     in progress... |######              | 030% :               03.3s (E)               11.2s (X)
     in progress... |#############       | 065% :               06.2s (E)               09.6s (X)
     in progress... |####################| 100% :               09.0s (E)               09.0s (X)
     --------------------------------------------------------------------------------------------
     p-DIAGOX done in < 00.1s with a SCALAPACK grid (2x1)
     --------------------------------------------------------------------------------------------
        
       -2.31745  -0.93360  -0.73910  -0.71850  -0.57813  -0.50115  -0.45634  -0.32474  -0.31673
       -0.30176
        
     --------------------------------------------------------------------------------------------
     Tot. elapsed time 03m-21.9s,  time spent in last iteration 09.1s
     --------------------------------------------------------------------------------------------

     [I/O] -------------------------------------------------------
     [I/O] RESTART written in < 00.1s             
     [I/O] In location   : h2o.wstat.restart
     [I/O] -------------------------------------------------------

                       *----------*              *----------*               *----------*
     #     Iteration = |        7 |   DFPT_dim = |        3 |   Diago_dim = |       28 |
                       *----------*              *----------*               *----------*
       
     --------------------------------------------------------------------------------------------
     Sternheimer eq. solver...                                           
     --------------------------------------------------------------------------------------------
     in progress... |######              | 030% :               03.1s (E)               10.3s (X)
     in progress... |#############       | 065% :               05.8s (E)               09.0s (X)
     in progress... |####################| 100% :               08.5s (E)               08.5s (X)
     --------------------------------------------------------------------------------------------
     p-DIAGOX done in < 00.1s with a SCALAPACK grid (2x1)
     --------------------------------------------------------------------------------------------
        
       -2.31745  -0.93360  -0.73910  -0.71850  -0.57813  -0.50115  -0.45634  -0.32479  -0.31677
       -0.30332
        
     --------------------------------------------------------------------------------------------
     Tot. elapsed time 03m-30.5s,  time spent in last iteration 08.5s
     --------------------------------------------------------------------------------------------

     [I/O] -------------------------------------------------------
     [I/O] RESTART written in < 00.1s             
     [I/O] In location   : h2o.wstat.restart
     [I/O] -------------------------------------------------------

                       *----------*              *----------*               *----------*
     #     Iteration = |        8 |   DFPT_dim = |        3 |   Diago_dim = |       31 |
                       *----------*              *----------*               *----------*
       
     --------------------------------------------------------------------------------------------
     Sternheimer eq. solver...                                           
     --------------------------------------------------------------------------------------------
     in progress... |######              | 030% :               03.2s (E)               10.8s (X)
     in progress... |#############       | 065% :               06.8s (E)               10.5s (X)
     in progress... |####################| 100% :               10.3s (E)               10.3s (X)
     --------------------------------------------------------------------------------------------
     p-DIAGOX done in < 00.1s with a SCALAPACK grid (2x1)
     --------------------------------------------------------------------------------------------
        
       -2.31745  -0.93360  -0.73910  -0.71850  -0.57813  -0.50115  -0.45634  -0.32480  -0.31677
       -0.30400
        
     --------------------------------------------------------------------------------------------
     Tot. elapsed time 03m-41.0s,  time spent in last iteration 10.3s
     --------------------------------------------------------------------------------------------

     [I/O] -------------------------------------------------------
     [I/O] RESTART written in < 00.1s             
     [I/O] In location   : h2o.wstat.restart
     [I/O] -------------------------------------------------------

                       *----------*              *----------*               *----------*
     #     Iteration = |        9 |   DFPT_dim = |        1 |   Diago_dim = |       32 |
                       *----------*              *----------*               *----------*
       
     --------------------------------------------------------------------------------------------
     Sternheimer eq. solver...                                           
     --------------------------------------------------------------------------------------------
     in progress... |####################| 100% :               02.9s (E)               02.9s (X)
     --------------------------------------------------------------------------------------------
     p-DIAGOX done in < 00.1s with a SCALAPACK grid (2x1)
     --------------------------------------------------------------------------------------------
        
       -2.31745  -0.93360  -0.73910  -0.71850  -0.57813  -0.50115  -0.45634  -0.32480  -0.31677
       -0.30412
        
     --------------------------------------------------------------------------------------------
     Tot. elapsed time 03m-44.1s,  time spent in last iteration 02.9s
     --------------------------------------------------------------------------------------------

     [I/O] -------------------------------------------------------
     [I/O] RESTART written in < 00.1s             
     [I/O] In location   : h2o.wstat.restart
     [I/O] -------------------------------------------------------

                       *----------*              *----------*               *----------*
     #     Iteration = |       10 |   DFPT_dim = |        1 |   Diago_dim = |       33 |
                       *----------*              *----------*               *----------*
       
     --------------------------------------------------------------------------------------------
     Sternheimer eq. solver...                                           
     --------------------------------------------------------------------------------------------
     in progress... |####################| 100% :               03.0s (E)               03.0s (X)
     --------------------------------------------------------------------------------------------
     p-DIAGOX done in < 00.1s with a SCALAPACK grid (2x1)
     --------------------------------------------------------------------------------------------
        
       -2.31745  -0.93360  -0.73910  -0.71850  -0.57813  -0.50115  -0.45634  -0.32480  -0.31677
       -0.30418
        
     --------------------------------------------------------------------------------------------
     Tot. elapsed time 03m-47.2s,  time spent in last iteration 03.0s
     --------------------------------------------------------------------------------------------

     [I/O] -------------------------------------------------------
     [I/O] RESTART written in < 00.1s             
     [I/O] In location   : h2o.wstat.restart
     [I/O] -------------------------------------------------------

                       *----------*              *----------*               *----------*
     #     Iteration = |       11 |   DFPT_dim = |        1 |   Diago_dim = |       34 |
                       *----------*              *----------*               *----------*
       
     --------------------------------------------------------------------------------------------
     Sternheimer eq. solver...                                           
     --------------------------------------------------------------------------------------------
     in progress... |####################| 100% :               03.6s (E)               03.6s (X)
     --------------------------------------------------------------------------------------------
     p-DIAGOX done in < 00.1s with a SCALAPACK grid (2x1)
     --------------------------------------------------------------------------------------------
        
       -2.31745  -0.93360  -0.73910  -0.71850  -0.57813  -0.50115  -0.45634  -0.32480  -0.31677
       -0.30424
        
     --------------------------------------------------------------------------------------------
     Tot. elapsed time 03m-50.9s,  time spent in last iteration 03.6s
     --------------------------------------------------------------------------------------------

     [I/O] -------------------------------------------------------
     [I/O] RESTART written in < 00.1s             
     [I/O] In location   : h2o.wstat.restart
     [I/O] -------------------------------------------------------

                       *----------*              *----------*               *----------*
     #     Iteration = |       12 |   DFPT_dim = |        1 |   Diago_dim = |       35 |
                       *----------*              *----------*               *----------*
       
     --------------------------------------------------------------------------------------------
     Sternheimer eq. solver...                                           
     --------------------------------------------------------------------------------------------
     in progress... |####################| 100% :               03.0s (E)               03.0s (X)
     --------------------------------------------------------------------------------------------
     p-DIAGOX done in < 00.1s with a SCALAPACK grid (2x1)
     --------------------------------------------------------------------------------------------
        
       -2.31745  -0.93360  -0.73910  -0.71850  -0.57813  -0.50115  -0.45634  -0.32480  -0.31677
       -0.30425
        
     --------------------------------------------------------------------------------------------
     Tot. elapsed time 03m-54.1s,  time spent in last iteration 03.0s
     --------------------------------------------------------------------------------------------

     [I/O] -------------------------------------------------------
     [I/O] RESTART written in < 00.1s             
     [I/O] In location   : h2o.wstat.restart
     [I/O] -------------------------------------------------------

                       *----------*              *----------*               *----------*
     #     Iteration = |       13 |   DFPT_dim = |        1 |   Diago_dim = |       36 |
                       *----------*              *----------*               *----------*
       
     --------------------------------------------------------------------------------------------
     Sternheimer eq. solver...                                           
     --------------------------------------------------------------------------------------------
     in progress... |####################| 100% :               03.1s (E)               03.1s (X)
     --------------------------------------------------------------------------------------------
     p-DIAGOX done in < 00.1s with a SCALAPACK grid (2x1)
     --------------------------------------------------------------------------------------------
        
       -2.31745  -0.93360  -0.73910  -0.71850  -0.57813  -0.50115  -0.45634  -0.32480  -0.31677
       -0.30426
        
     --------------------------------------------------------------------------------------------
     Tot. elapsed time 03m-57.3s,  time spent in last iteration 03.1s
     --------------------------------------------------------------------------------------------
      
     --------------------------------------------------------------------------------------------
     Database written in < 00.1s             
     In location : h2o.wstat.save
     --------------------------------------------------------------------------------------------
       
     --------------------------------------------------------------------------------------------
     Convergence achieved !!! in       13 steps                          
     --------------------------------------------------------------------------------------------

     WSTAT        :  5m47.42s CPU     3m58.39s WALL

     wstat_readin :      0.92s CPU      0.91s WALL (       1 calls)
     fetch_nml    :      0.00s CPU      0.00s WALL (       1 calls)
     init_vloc    :      0.04s CPU      0.04s WALL (       2 calls)
     fft          :      0.49s CPU      0.41s WALL (      10 calls)
     fft_scatter  :     32.46s CPU     33.69s WALL (   11544 calls)
     v_of_rho     :      0.55s CPU      0.51s WALL (       1 calls)
     v_xc         :      0.49s CPU      0.46s WALL (       1 calls)
     v_h          :      0.06s CPU      0.05s WALL (       1 calls)
     davcio       :      0.00s CPU      0.00s WALL (       2 calls)
     init_us_1    :      0.07s CPU      0.08s WALL (       2 calls)
     do_setup     :      0.06s CPU      0.07s WALL (       1 calls)
     init_pw_ar   :      0.06s CPU      0.07s WALL (       1 calls)
     storesqvc    :      0.01s CPU      0.01s WALL (       1 calls)
     chidiago     :    346.43s CPU    237.40s WALL (       1 calls)
     randomize    :      0.05s CPU      0.05s WALL (       1 calls)
     paramgs      :      0.06s CPU      0.06s WALL (      15 calls)
     dfpt         :    345.43s CPU    235.60s WALL (      15 calls)
     init_us_2    :      0.15s CPU      0.12s WALL (      15 calls)
     fftw         :    310.49s CPU    199.90s WALL (   11534 calls)
     alphapc      :      0.06s CPU      0.06s WALL (      76 calls)
     linstern     :    322.69s CPU    220.36s WALL (      76 calls)
     stern        :    318.90s CPU    216.67s WALL (    2828 calls)
     h_psi        :    316.66s CPU    214.38s WALL (    2828 calls)
     h_psi:vloc   :    311.68s CPU    209.27s WALL (    2828 calls)
     h_psi:vnl    :      4.40s CPU      4.51s WALL (    2828 calls)
     calbec       :      2.55s CPU      2.60s WALL (    2828 calls)
     add_vuspsi   :      1.84s CPU      1.89s WALL (    2828 calls)
     alphapv      :      1.77s CPU      1.81s WALL (    2828 calls)
     wstat_restar :      0.63s CPU      1.31s WALL (      14 calls)
     build_hr     :      0.06s CPU      0.07s WALL (      14 calls)
     diagox       :    256.01s CPU    176.15s WALL (       1 calls)
     redistr_vr   :      0.00s CPU      0.00s WALL (      13 calls)
     update_vr    :      0.12s CPU      0.15s WALL (      13 calls)
     symm_hr      :      0.00s CPU      0.00s WALL (      13 calls)
     chidiago:las :      0.02s CPU      0.02s WALL (       2 calls)
     refresh_vr   :      0.03s CPU      0.03s WALL (       3 calls)
     pdep_db      :      0.01s CPU      0.02s WALL (       1 calls)

     WSTAT        :  5m47.42s CPU     3m58.39s WALL


   This run was terminated on:  17:42:43  18Jun2015            

=------------------------------------------------------------------------------=
   JOB DONE.
=------------------------------------------------------------------------------=
