
     Program WFREQ v. 1.0.1 svn rev. 15 starts on 18Jun2015 at 17:37:51 

     This program is part of the open-source West suite
     for massively parallel calculations of excited states in materials; please cite
         "M. Govoni et al., J. Chem. Theory Comput. 11, 2680 (2015)
          URL http://www.west-code.org", 
     in publications or presentations arising from this work.

     Based on the Quantum ESPRESSO v. 5.2.0 svn rev. 11583
       
     --------------------------------------------------------------------------------------------
     **MPI** Parallelization Status                                      
     --------------------------------------------------------------------------------------------
                     2                   1             1             1             2
     --------------------------------------------------------------------------------------------
                     N         =         I      X      P      X      B      X      Z
                     ^                   ^             ^             ^             ^
                     |                   |             |             |             |
                   #tsk                  |             |             |             |
                                      #image           |             |             |
                                                     #pool           |             |
                                                                   #bgrp           |
                                                                                 #R&G
     --------------------------------------------------------------------------------------------
     **OPENMP** Parallelization Status
     #thr/rnk               =            4
     --------------------------------------------------------------------------------------------
     #cores = (rnk) * (thr) =            8
     --------------------------------------------------------------------------------------------
       
     --------------------------------------------------------------------------------------------
     I/O Summary : input_west                                            
     --------------------------------------------------------------------------------------------
     qe_prefix      = sih4
     west_prefix    = sih4
     outdir         = ./
     --------------------------------------------------------------------------------------------
       
     --------------------------------------------------------------------------------------------
     I/O Summary : west_control                                          
     --------------------------------------------------------------------------------------------
     wstat_calculation              =              S
     n_pdep_eigen                   =             10
     n_pdep_times                   =              4
     n_pdep_maxiter                 =            100
     n_dfpt_maxiter                 =            250
     n_pdep_read_from_file          =              0
     trev_pdep                      =   1.000000E-05
     tr2_dfpt                       =   1.000000E-12
     l_kinetic_only                 =              F
     l_minimize_exx_if_active       =              F
     --------------------------------------------------------------------------------------------
       
     --------------------------------------------------------------------------------------------
     I/O Summary : wfreq_control                                         
     --------------------------------------------------------------------------------------------
     wfreq_calculation                        =           XWGQ
     n_pdep_eigen_to_use                      =             10
     qp_bandrange(1)                          =              1
     qp_bandrange(2)                          =              2
     macropol_calculation                     =              N
     n_lanczos                                =             30
     n_imfreq                                 =            100
     n_refreq                                 =            100
     ecut_imfreq [Ry]                         =     120.000000
     ecut_refreq [Ry]                         =       3.000000
     wfreq_eta [Ry]                           =       0.003675
     n_secant_maxiter                         =              7
     trev_secant [Ry]                         =       0.003675
     l_enable_lanczos                         =              T
     l_enable_gwetot                          =              F
     div_kind_hf                              =              2
     o_restart_time [min]                     =       0.000000
     --------------------------------------------------------------------------------------------

     Reading data from directory:
     sih4.save

   Info: using nr1, nr2, nr3 values from input

   Info: using nr1, nr2, nr3 values from input

     IMPORTANT: XC functional enforced from input :
     Exchange-correlation      =  SLA  PZ   NOGX NOGC ( 1  1  0  0 0 0)
     Any further DFT definition will be discarded
     Please, verify this is what you really want

               file H.pz-vbc.UPF: wavefunction(s)  1S renormalized

     Parallelization info
     --------------------
     sticks:   dense  smooth     PW     G-vecs:    dense   smooth      PW
     Min        1590    1590    395                67521    67521    8437
     Max        1591    1591    398                67522    67522    8442
     Sum        3181    3181    793               135043   135043   16879
     Tot        1591    1591    397

       
     --------------------------------------------------------------------------------------------
     System Overview                                                     
     --------------------------------------------------------------------------------------------
     gamma_only           =              T
     ecutwfc [Ry]         =      25.000000
     omega [au^3]         =   8.000000E+03
     glob. #G             =           8440
     nbnd                 =             10
     nkstot               =              1
     nspin                =              1
     nelec                =       8.000000
     npol                 =              1
     lsda                 =              F
     noncolin             =              F
     lspinorb             =              F
     domag                =              F
     --------------------------------------------------------------------------------------------

     sFFT G-space:    67522 G-vectors     R-space: (  64,  64,  64)
     dFFT G-space:    67522 G-vectors     R-space: (  64,  64,  64)

     Cell [a.u.]          =      20.000000      0.000000      0.000000
                          =       0.000000     20.000000      0.000000
                          =       0.000000      0.000000     20.000000
      
     Spherical div        =   2.481402E-01
     Orthorombic div      =   2.441999E-01
       
     --------------------------------------------------------------------------------------------
     Parallelization for npdep                                           
     --------------------------------------------------------------------------------------------
     nglob                =             10
     nlevel               =              1
     Min nglob/nlevel     =             10
     Max nglob/nlevel     =             10
     --------------------------------------------------------------------------------------------
       
     --------------------------------------------------------------------------------------------
     Parallelization for npdep+macro                                     
     --------------------------------------------------------------------------------------------
     nglob                =             13
     nlevel               =              1
     Min nglob/nlevel     =             13
     Max nglob/nlevel     =             13
     --------------------------------------------------------------------------------------------
       
     --------------------------------------------------------------------------------------------
     Parallelization for n_imfreq                                        
     --------------------------------------------------------------------------------------------
     nglob                =            100
     nlevel               =              2
     Min nglob/nlevel     =             50
     Max nglob/nlevel     =             50
     --------------------------------------------------------------------------------------------
       
     --------------------------------------------------------------------------------------------
     Parallelization for n_refreq                                        
     --------------------------------------------------------------------------------------------
     nglob                =            100
     nlevel               =              2
     Min nglob/nlevel     =             50
     Max nglob/nlevel     =             50
     --------------------------------------------------------------------------------------------
       
     --------------------------------------------------------------------------------------------
     Parallelization for nbnd                                            
     --------------------------------------------------------------------------------------------
     nglob                =             10
     nlevel               =              1
     Min nglob/nlevel     =             10
     Max nglob/nlevel     =             10
     --------------------------------------------------------------------------------------------
       
     --------------------------------------------------------------------------------------------
     Hartree-Fock Exact E(X)change                                       
     --------------------------------------------------------------------------------------------
      
     --------------------------------------------------------------------------------------------
     Vxc
     --------------------------------------------------------------------------------------------
     in progress... |####################| 100% :             < 00.1s (E)             < 00.1s (X)
     --------------------------------------------------------------------------------------------
      
     --------------------------------------------------------------------------------------------
     Sigma_X
     --------------------------------------------------------------------------------------------
     in progress... |##########          | 050% :               00.1s (E)               00.2s (X)
     in progress... |####################| 100% :               00.2s (E)               00.2s (X)
     --------------------------------------------------------------------------------------------
       
     --------------------------------------------------------------------------------------------
     (W)-Lanczos                                                         
     --------------------------------------------------------------------------------------------
     in progress... |#####               | 025% :               03.2s (E)               12.9s (X)
     in progress... |##########          | 050% :               06.5s (E)               13.0s (X)
     in progress... |###############     | 075% :               10.1s (E)               13.5s (X)
     in progress... |####################| 100% :               13.5s (E)               13.5s (X)
     --------------------------------------------------------------------------------------------
       
     --------------------------------------------------------------------------------------------
     (G)-Lanczos                                                         
     --------------------------------------------------------------------------------------------
     in progress... |##########          | 050% :               04.0s (E)               08.0s (X)
     in progress... |####################| 100% :               08.3s (E)               08.3s (X)
     --------------------------------------------------------------------------------------------
       
     --------------------------------------------------------------------------------------------
     (Q)uasiparticle corrections                                         
     --------------------------------------------------------------------------------------------
     Collecting results from W and G
     --------------------------------------------------------------------------------------------
     in progress... |##########          | 050% :             < 00.1s (E)             < 00.1s (X)
     in progress... |####################| 100% :             < 00.1s (E)             < 00.1s (X)
     --------------------------------------------------------------------------------------------
       
     --------------------------------------------------------------------------------------------
     Sigma_C                                                             
     --------------------------------------------------------------------------------------------
     Integrating along the IM axis...
     --------------------------------------------------------------------------------------------
     in progress... |##########          | 050% :             < 00.1s (E)             < 00.1s (X)
     in progress... |####################| 100% :             < 00.1s (E)             < 00.1s (X)
     --------------------------------------------------------------------------------------------
     Residues along the RE axis...
     --------------------------------------------------------------------------------------------
     in progress... |##########          | 050% :             < 00.1s (E)             < 00.1s (X)
     in progress... |####################| 100% :             < 00.1s (E)             < 00.1s (X)
     --------------------------------------------------------------------------------------------
         -13.323057 :       2.343808      0.016668
          -8.281249 :       0.453593      0.005420
       
     --------------------------------------------------------------------------------------------
     Sigma_C                                                             
     --------------------------------------------------------------------------------------------
     Integrating along the IM axis...
     --------------------------------------------------------------------------------------------
     in progress... |##########          | 050% :             < 00.1s (E)             < 00.1s (X)
     in progress... |####################| 100% :             < 00.1s (E)             < 00.1s (X)
     --------------------------------------------------------------------------------------------
     Residues along the RE axis...
     --------------------------------------------------------------------------------------------
     in progress... |##########          | 050% :             < 00.1s (E)             < 00.1s (X)
     in progress... |####################| 100% :             < 00.1s (E)             < 00.1s (X)
     --------------------------------------------------------------------------------------------
         -13.223057 :       2.330810      0.013384
          -8.181249 :       0.439341      0.000000


     --------------------------------------------------------------------------------------------
     Iter: 000000, QP energies [eV]
     --------------------------------------------------------------------------------------------
         -16.920141    -11.867133
     --------------------------------------------------------------------------------------------
       
     --------------------------------------------------------------------------------------------
     Iter : 000001                                                       
     --------------------------------------------------------------------------------------------
       
     --------------------------------------------------------------------------------------------
     Sigma_C                                                             
     --------------------------------------------------------------------------------------------
     Integrating along the IM axis...
     --------------------------------------------------------------------------------------------
     in progress... |##########          | 050% :             < 00.1s (E)             < 00.1s (X)
     in progress... |####################| 100% :             < 00.1s (E)             < 00.1s (X)
     --------------------------------------------------------------------------------------------
     Residues along the RE axis...
     --------------------------------------------------------------------------------------------
     in progress... |##########          | 050% :             < 00.1s (E)             < 00.1s (X)
     in progress... |####################| 100% :             < 00.1s (E)             < 00.1s (X)
     --------------------------------------------------------------------------------------------
         -16.920141 :       5.832835      0.282403
         -11.867133 :       1.004027      0.007226


     --------------------------------------------------------------------------------------------
     Iter: 000001, QP energies [eV]
     --------------------------------------------------------------------------------------------
         -15.377353    -11.832966
     --------------------------------------------------------------------------------------------
     --------------------------------------------------------------------------------------------
     Number of unconverged QP. =            1
     --------------------------------------------------------------------------------------------
       
     --------------------------------------------------------------------------------------------
     Iter : 000002                                                       
     --------------------------------------------------------------------------------------------
       
     --------------------------------------------------------------------------------------------
     Sigma_C                                                             
     --------------------------------------------------------------------------------------------
     Integrating along the IM axis...
     --------------------------------------------------------------------------------------------
     in progress... |##########          | 050% :             < 00.1s (E)             < 00.1s (X)
     in progress... |####################| 100% :             < 00.1s (E)             < 00.1s (X)
     --------------------------------------------------------------------------------------------
     Residues along the RE axis...
     --------------------------------------------------------------------------------------------
     in progress... |##########          | 050% :             < 00.1s (E)             < 00.1s (X)
     in progress... |####################| 100% :             < 00.1s (E)             < 00.1s (X)
     --------------------------------------------------------------------------------------------
         -15.377353 :       3.168889      0.030973
         -11.832966 :       1.000516      0.007226


     --------------------------------------------------------------------------------------------
     Iter: 000002, QP energies [eV]
     --------------------------------------------------------------------------------------------
         -15.812042    -11.832966
     --------------------------------------------------------------------------------------------
     --------------------------------------------------------------------------------------------
     Number of unconverged QP. =            1
     --------------------------------------------------------------------------------------------
       
     --------------------------------------------------------------------------------------------
     Iter : 000003                                                       
     --------------------------------------------------------------------------------------------
       
     --------------------------------------------------------------------------------------------
     Sigma_C                                                             
     --------------------------------------------------------------------------------------------
     Integrating along the IM axis...
     --------------------------------------------------------------------------------------------
     in progress... |##########          | 050% :             < 00.1s (E)             < 00.1s (X)
     in progress... |####################| 100% :             < 00.1s (E)             < 00.1s (X)
     --------------------------------------------------------------------------------------------
     Residues along the RE axis...
     --------------------------------------------------------------------------------------------
     in progress... |##########          | 050% :             < 00.1s (E)             < 00.1s (X)
     in progress... |####################| 100% :             < 00.1s (E)             < 00.1s (X)
     --------------------------------------------------------------------------------------------
         -15.812042 :       3.830298      0.088256
         -11.832966 :       1.000516      0.007226


     --------------------------------------------------------------------------------------------
     Iter: 000003, QP energies [eV]
     --------------------------------------------------------------------------------------------
         -15.847406    -11.832966
     --------------------------------------------------------------------------------------------
       
     --------------------------------------------------------------------------------------------
     CONVERGENCE ACHIEVED !!!                                            
     --------------------------------------------------------------------------------------------
       
     --------------------------------------------------------------------------------------------
     Done, take a look at the o-eqp_K*.tab file(s) .                     
     --------------------------------------------------------------------------------------------

     WFREQ        :    30.54s CPU        22.60s WALL

     wfreq_readin :      0.32s CPU      0.34s WALL (       1 calls)
     fetch_nml    :      0.00s CPU      0.00s WALL (       1 calls)
     init_vloc    :      0.02s CPU      0.02s WALL (       2 calls)
     fft          :      0.07s CPU      0.04s WALL (       3 calls)
     fft_scatter  :      3.12s CPU      3.21s WALL (    1949 calls)
     v_of_rho     :      0.05s CPU      0.03s WALL (       1 calls)
     v_xc         :      0.04s CPU      0.03s WALL (       2 calls)
     v_h          :      0.03s CPU      0.02s WALL (       1 calls)
     davcio       :      0.00s CPU      0.00s WALL (       2 calls)
     init_us_1    :      0.02s CPU      0.02s WALL (       2 calls)
     do_setup     :      0.02s CPU      0.03s WALL (       1 calls)
     init_pw_ar   :      0.02s CPU      0.03s WALL (       1 calls)
     storesqvc    :      0.01s CPU      0.01s WALL (       2 calls)
     solve_hf     :      0.41s CPU      0.28s WALL (       1 calls)
     sigmavxc     :      0.03s CPU      0.02s WALL (       1 calls)
     fftw         :     25.83s CPU     17.76s WALL (    1938 calls)
     sigmax       :      0.35s CPU      0.23s WALL (       1 calls)
     init_us_2    :      0.01s CPU      0.01s WALL (       3 calls)
     ffts         :      0.19s CPU      0.13s WALL (       8 calls)
     wlanczos     :     19.55s CPU     13.59s WALL (       1 calls)
     alphapc      :      0.44s CPU      0.46s WALL (     190 calls)
     lan_H        :     27.60s CPU     20.17s WALL (       6 calls)
     h_psi        :     26.16s CPU     18.75s WALL (     180 calls)
     h_psi:vloc   :     25.94s CPU     18.53s WALL (     180 calls)
     h_psi:vnl    :      0.16s CPU      0.17s WALL (     180 calls)
     calbec       :      0.10s CPU      0.11s WALL (     180 calls)
     add_vuspsi   :      0.06s CPU      0.06s WALL (     180 calls)
     brak         :      0.19s CPU      0.19s WALL (       6 calls)
     sw_restart   :      0.01s CPU      0.03s WALL (       4 calls)
     chi0_diag    :      0.00s CPU      0.00s WALL (       1 calls)
     glanczos     :     10.21s CPU      8.33s WALL (       1 calls)
     sg_restart   :      0.00s CPU      0.00s WALL (       2 calls)
     solve_qp     :      0.03s CPU      0.03s WALL (       1 calls)
     coll_gw      :      0.01s CPU      0.01s WALL (       1 calls)
     sigmac_i     :      0.01s CPU      0.01s WALL (       5 calls)
     sigmac_r     :      0.00s CPU      0.00s WALL (       5 calls)

     WFREQ        :    30.54s CPU        22.60s WALL


   This run was terminated on:  17:38:13  18Jun2015            

=------------------------------------------------------------------------------=
   JOB DONE.
=------------------------------------------------------------------------------=
