
     Program WSTAT v. 1.0.1 svn rev. 15 starts on 18Jun2015 at 17:36:21 

     This program is part of the open-source West suite
     for massively parallel calculations of excited states in materials; please cite
         "M. Govoni et al., J. Chem. Theory Comput. 11, 2680 (2015)
          URL http://www.west-code.org", 
     in publications or presentations arising from this work.

     Based on the Quantum ESPRESSO v. 5.2.0 svn rev. 11583
       
     --------------------------------------------------------------------------------------------
     **MPI** Parallelization Status                                      
     --------------------------------------------------------------------------------------------
                     2                   1             1             1             2
     --------------------------------------------------------------------------------------------
                     N         =         I      X      P      X      B      X      Z
                     ^                   ^             ^             ^             ^
                     |                   |             |             |             |
                   #tsk                  |             |             |             |
                                      #image           |             |             |
                                                     #pool           |             |
                                                                   #bgrp           |
                                                                                 #R&G
     --------------------------------------------------------------------------------------------
     **OPENMP** Parallelization Status
     #thr/rnk               =            4
     --------------------------------------------------------------------------------------------
     #cores = (rnk) * (thr) =            8
     --------------------------------------------------------------------------------------------
       
     --------------------------------------------------------------------------------------------
     I/O Summary : input_west                                            
     --------------------------------------------------------------------------------------------
     qe_prefix      = sih4
     west_prefix    = sih4
     outdir         = ./
     --------------------------------------------------------------------------------------------
       
     --------------------------------------------------------------------------------------------
     I/O Summary : west_control                                          
     --------------------------------------------------------------------------------------------
     wstat_calculation              =              S
     n_pdep_eigen                   =             10
     n_pdep_times                   =              4
     n_pdep_maxiter                 =            100
     n_dfpt_maxiter                 =            250
     n_pdep_read_from_file          =              0
     trev_pdep                      =   1.000000E-05
     tr2_dfpt                       =   1.000000E-12
     l_kinetic_only                 =              F
     l_minimize_exx_if_active       =              F
     --------------------------------------------------------------------------------------------

     Reading data from directory:
     sih4.save

   Info: using nr1, nr2, nr3 values from input

   Info: using nr1, nr2, nr3 values from input

     IMPORTANT: XC functional enforced from input :
     Exchange-correlation      =  SLA  PZ   NOGX NOGC ( 1  1  0  0 0 0)
     Any further DFT definition will be discarded
     Please, verify this is what you really want

               file H.pz-vbc.UPF: wavefunction(s)  1S renormalized

     Parallelization info
     --------------------
     sticks:   dense  smooth     PW     G-vecs:    dense   smooth      PW
     Min        1590    1590    395                67521    67521    8437
     Max        1591    1591    398                67522    67522    8442
     Sum        3181    3181    793               135043   135043   16879
     Tot        1591    1591    397

       
     --------------------------------------------------------------------------------------------
     System Overview                                                     
     --------------------------------------------------------------------------------------------
     gamma_only           =              T
     ecutwfc [Ry]         =      25.000000
     omega [au^3]         =   8.000000E+03
     glob. #G             =           8440
     nbnd                 =             10
     nkstot               =              1
     nspin                =              1
     nelec                =       8.000000
     npol                 =              1
     lsda                 =              F
     noncolin             =              F
     lspinorb             =              F
     domag                =              F
     --------------------------------------------------------------------------------------------

     sFFT G-space:    67522 G-vectors     R-space: (  64,  64,  64)
     dFFT G-space:    67522 G-vectors     R-space: (  64,  64,  64)

     Cell [a.u.]          =      20.000000      0.000000      0.000000
                          =       0.000000     20.000000      0.000000
                          =       0.000000      0.000000     20.000000
      
     Spherical div        =   2.481402E-01
     Orthorombic div      =   2.441999E-01
       
     --------------------------------------------------------------------------------------------
     Parallelization for nvecx                                           
     --------------------------------------------------------------------------------------------
     nglob                =             40
     nlevel               =              1
     Min nglob/nlevel     =             40
     Max nglob/nlevel     =             40
     --------------------------------------------------------------------------------------------

     [MEM] ----------------------------------------------------------
     [MEM] **Memory** analysis: QE
     [MEM] ----------------------------------------------------------
     [MEM] Allocated arrays           est. size (Mb)     dimensions
     [MEM] ----------------------------------------------------------
     [MEM] Kohn-Sham Wavefunctions       0.64 Mb     (   4219,   10)
     [MEM] NL pseudopotentials           0.26 Mb     (   4219,    4)
     [MEM] Each V/rho on FFT grid        2.00 Mb     ( 131072)
     [MEM] Each G-vector array           0.26 Mb     (  33761)
     [MEM] G-vector shells               0.01 Mb     (    846)
     [MEM] ----------------------------------------------------------
     [MEM] TOT                           3.17 Mb
     [MEM] ----------------------------------------------------------
     [MEM] 
     [MEM] ----------------------------------------------------------
     [MEM] **Memory** analysis: WSTAT global
     [MEM] ----------------------------------------------------------
     [MEM] Allocated arrays           est. size (Mb)     dimensions
     [MEM] ----------------------------------------------------------
     [MEM] dvg                           2.58 Mb     (   4219,   40)
     [MEM] dng                           2.58 Mb     (   4219,   40)
     [MEM] hr_distr                      0.01 Mb     (     40,   40)
     [MEM] vr_distr                      0.01 Mb     (     40,   40)
     [MEM] ----------------------------------------------------------
     [MEM] TOT                           5.17 Mb
     [MEM] ----------------------------------------------------------
     [MEM] 
     [MEM] ----------------------------------------------------------
     [MEM] **Memory** analysis: WSTAT temporary
     [MEM] ----------------------------------------------------------
     [MEM] Allocated arrays           est. size (Mb)     dimensions
     [MEM] ----------------------------------------------------------
     [MEM] h_diag                        0.26 Mb     (   4219,    4)
     [MEM] dvpsi                         0.26 Mb     (   4219,    4)
     [MEM] dpsi                          0.26 Mb     (   4219,    4)
     [MEM] aux_r                         2.00 Mb     ( 131072)
     [MEM] aux_g                         0.06 Mb     (   4219)
     [MEM] dhg                           2.58 Mb     (   4219,   40)
     [MEM] ----------------------------------------------------------
     [MEM] TOT                           2.84 Mb
     [MEM] ----------------------------------------------------------

                       *----------*              *----------*               *----------*
     #     Iteration = | starting |   DFPT_dim = |       10 |   Diago_dim = |       10 |  x 1/2
                       *----------*              *----------*               *----------*
       
     --------------------------------------------------------------------------------------------
     Sternheimer eq. solver...                                           
     --------------------------------------------------------------------------------------------
     in progress... |##                  | 010% :               01.2s (E)               12.9s (X)
     in progress... |####                | 020% :               02.5s (E)               12.9s (X)
     in progress... |######              | 030% :               03.8s (E)               12.9s (X)
     in progress... |########            | 040% :               05.1s (E)               12.9s (X)
     in progress... |##########          | 050% :               06.4s (E)               12.9s (X)
     in progress... |############        | 060% :               07.7s (E)               12.9s (X)
     in progress... |##############      | 070% :               09.0s (E)               12.9s (X)
     in progress... |################    | 080% :               10.3s (E)               12.9s (X)
     in progress... |##################  | 090% :               11.6s (E)               12.9s (X)
     in progress... |####################| 100% :               13.2s (E)               13.2s (X)
     --------------------------------------------------------------------------------------------

     [I/O] -------------------------------------------------------
     [I/O] RESTART written in < 00.1s             
     [I/O] In location   : sih4.wstat.restart
     [I/O] -------------------------------------------------------

                       *----------*              *----------*               *----------*
     #     Iteration = | starting |   DFPT_dim = |       10 |   Diago_dim = |       10 |  x 2/2
                       *----------*              *----------*               *----------*
       
     --------------------------------------------------------------------------------------------
     Sternheimer eq. solver...                                           
     --------------------------------------------------------------------------------------------
     in progress... |##                  | 010% :               01.5s (E)               15.9s (X)
     in progress... |####                | 020% :               03.0s (E)               15.4s (X)
     in progress... |######              | 030% :               04.4s (E)               14.7s (X)
     in progress... |########            | 040% :               05.7s (E)               14.4s (X)
     in progress... |##########          | 050% :               07.1s (E)               14.2s (X)
     in progress... |############        | 060% :               08.4s (E)               14.1s (X)
     in progress... |##############      | 070% :               09.8s (E)               14.0s (X)
     in progress... |################    | 080% :               11.1s (E)               13.9s (X)
     in progress... |##################  | 090% :               12.5s (E)               13.9s (X)
     in progress... |####################| 100% :               13.8s (E)               13.8s (X)
     --------------------------------------------------------------------------------------------
     p-DIAGOX done in < 00.1s with a SCALAPACK grid (2x1)
     --------------------------------------------------------------------------------------------
        
       -1.21647  -1.21014  -1.18352  -1.11331  -0.77333  -0.72318  -0.65137  -0.57808  -0.54768
       -0.33979
        
     --------------------------------------------------------------------------------------------
     Tot. elapsed time 27.2s,  time spent in last iteration 27.2s
     --------------------------------------------------------------------------------------------

     [I/O] -------------------------------------------------------
     [I/O] RESTART written in < 00.1s             
     [I/O] In location   : sih4.wstat.restart
     [I/O] -------------------------------------------------------

                       *----------*              *----------*               *----------*
     #     Iteration = |        1 |   DFPT_dim = |       10 |   Diago_dim = |       20 |
                       *----------*              *----------*               *----------*
       
     --------------------------------------------------------------------------------------------
     Sternheimer eq. solver...                                           
     --------------------------------------------------------------------------------------------
     in progress... |##                  | 010% :               01.4s (E)               14.0s (X)
     in progress... |####                | 020% :               02.7s (E)               13.9s (X)
     in progress... |######              | 030% :               04.1s (E)               13.7s (X)
     in progress... |########            | 040% :               05.4s (E)               13.7s (X)
     in progress... |##########          | 050% :               06.8s (E)               13.6s (X)
     in progress... |############        | 060% :               08.1s (E)               13.6s (X)
     in progress... |##############      | 070% :               09.4s (E)               13.5s (X)
     in progress... |################    | 080% :               10.8s (E)               13.5s (X)
     in progress... |##################  | 090% :               12.2s (E)               13.6s (X)
     in progress... |####################| 100% :               13.7s (E)               13.7s (X)
     --------------------------------------------------------------------------------------------
     p-DIAGOX done in < 00.1s with a SCALAPACK grid (2x1)
     --------------------------------------------------------------------------------------------
        
       -1.28741  -1.23107  -1.23071  -1.22956  -0.81813  -0.81345  -0.80490  -0.63186  -0.62668
       -0.48262
        
     --------------------------------------------------------------------------------------------
     Tot. elapsed time 40.9s,  time spent in last iteration 13.7s
     --------------------------------------------------------------------------------------------

     [I/O] -------------------------------------------------------
     [I/O] RESTART written in < 00.1s             
     [I/O] In location   : sih4.wstat.restart
     [I/O] -------------------------------------------------------

                       *----------*              *----------*               *----------*
     #     Iteration = |        2 |   DFPT_dim = |       10 |   Diago_dim = |       30 |
                       *----------*              *----------*               *----------*
       
     --------------------------------------------------------------------------------------------
     Sternheimer eq. solver...                                           
     --------------------------------------------------------------------------------------------
     in progress... |##                  | 010% :               01.4s (E)               14.7s (X)
     in progress... |####                | 020% :               03.0s (E)               15.0s (X)
     in progress... |######              | 030% :               04.4s (E)               14.8s (X)
     in progress... |########            | 040% :               06.1s (E)               15.2s (X)
     in progress... |##########          | 050% :               07.4s (E)               14.9s (X)
     in progress... |############        | 060% :               08.8s (E)               14.7s (X)
     in progress... |##############      | 070% :               10.3s (E)               14.8s (X)
     in progress... |################    | 080% :               11.8s (E)               14.8s (X)
     in progress... |##################  | 090% :               13.2s (E)               14.7s (X)
     in progress... |####################| 100% :               14.7s (E)               14.7s (X)
     --------------------------------------------------------------------------------------------
     p-DIAGOX done in < 00.1s with a SCALAPACK grid (2x1)
     --------------------------------------------------------------------------------------------
        
       -1.29264  -1.23138  -1.23137  -1.23136  -0.81963  -0.81944  -0.81810  -0.63590  -0.63544
       -0.56591
        
     --------------------------------------------------------------------------------------------
     Tot. elapsed time 55.8s,  time spent in last iteration 14.7s
     --------------------------------------------------------------------------------------------

     [I/O] -------------------------------------------------------
     [I/O] RESTART written in < 00.1s             
     [I/O] In location   : sih4.wstat.restart
     [I/O] -------------------------------------------------------

                       *----------*              *----------*               *----------*
     #     Iteration = |        3 |   DFPT_dim = |       10 |   Diago_dim = |       40 |
                       *----------*              *----------*               *----------*
       
     --------------------------------------------------------------------------------------------
     Sternheimer eq. solver...                                           
     --------------------------------------------------------------------------------------------
     in progress... |##                  | 010% :               01.3s (E)               13.8s (X)
     in progress... |####                | 020% :               02.7s (E)               13.7s (X)
     in progress... |######              | 030% :               04.0s (E)               13.6s (X)
     in progress... |########            | 040% :               05.4s (E)               13.5s (X)
     in progress... |##########          | 050% :               06.7s (E)               13.5s (X)
     in progress... |############        | 060% :               08.1s (E)               13.5s (X)
     in progress... |##############      | 070% :               09.4s (E)               13.5s (X)
     in progress... |################    | 080% :               10.7s (E)               13.4s (X)
     in progress... |##################  | 090% :               12.0s (E)               13.4s (X)
     in progress... |####################| 100% :               13.4s (E)               13.4s (X)
     --------------------------------------------------------------------------------------------
     p-DIAGOX done in < 00.1s with a SCALAPACK grid (2x1)
     --------------------------------------------------------------------------------------------
        
       -1.29273  -1.23138  -1.23138  -1.23138  -0.81967  -0.81967  -0.81965  -0.63740  -0.63592
       -0.63576
        
     --------------------------------------------------------------------------------------------
     Tot. elapsed time 01m-09.3s,  time spent in last iteration 13.4s
     --------------------------------------------------------------------------------------------

       Refresh the basis set

     [I/O] -------------------------------------------------------
     [I/O] RESTART written in < 00.1s             
     [I/O] In location   : sih4.wstat.restart
     [I/O] -------------------------------------------------------

                       *----------*              *----------*               *----------*
     #     Iteration = |        4 |   DFPT_dim = |        8 |   Diago_dim = |       18 |
                       *----------*              *----------*               *----------*
       
     --------------------------------------------------------------------------------------------
     Sternheimer eq. solver...                                           
     --------------------------------------------------------------------------------------------
     in progress... |##                  | 010% :               01.5s (E)               15.3s (X)
     in progress... |#####               | 025% :               03.2s (E)               12.8s (X)
     in progress... |#######             | 035% :               04.7s (E)               13.4s (X)
     in progress... |##########          | 050% :               06.6s (E)               13.3s (X)
     in progress... |############        | 060% :               08.4s (E)               14.1s (X)
     in progress... |###############     | 075% :               10.0s (E)               13.3s (X)
     in progress... |#################   | 085% :               11.4s (E)               13.5s (X)
     in progress... |####################| 100% :               12.8s (E)               12.8s (X)
     --------------------------------------------------------------------------------------------
     p-DIAGOX done in < 00.1s with a SCALAPACK grid (2x1)
     --------------------------------------------------------------------------------------------
        
       -1.29273  -1.23138  -1.23138  -1.23138  -0.81967  -0.81967  -0.81967  -0.63849  -0.63592
       -0.63592
        
     --------------------------------------------------------------------------------------------
     Tot. elapsed time 01m-22.2s,  time spent in last iteration 12.8s
     --------------------------------------------------------------------------------------------

     [I/O] -------------------------------------------------------
     [I/O] RESTART written in < 00.1s             
     [I/O] In location   : sih4.wstat.restart
     [I/O] -------------------------------------------------------

                       *----------*              *----------*               *----------*
     #     Iteration = |        5 |   DFPT_dim = |        3 |   Diago_dim = |       21 |
                       *----------*              *----------*               *----------*
       
     --------------------------------------------------------------------------------------------
     Sternheimer eq. solver...                                           
     --------------------------------------------------------------------------------------------
     in progress... |######              | 030% :               01.4s (E)               04.6s (X)
     in progress... |#############       | 065% :               02.8s (E)               04.3s (X)
     in progress... |####################| 100% :               04.3s (E)               04.3s (X)
     --------------------------------------------------------------------------------------------
     p-DIAGOX done in < 00.1s with a SCALAPACK grid (2x1)
     --------------------------------------------------------------------------------------------
        
       -1.29273  -1.23138  -1.23138  -1.23138  -0.81967  -0.81967  -0.81967  -0.63851  -0.63592
       -0.63592
        
     --------------------------------------------------------------------------------------------
     Tot. elapsed time 01m-26.6s,  time spent in last iteration 04.3s
     --------------------------------------------------------------------------------------------

     [I/O] -------------------------------------------------------
     [I/O] RESTART written in < 00.1s             
     [I/O] In location   : sih4.wstat.restart
     [I/O] -------------------------------------------------------

                       *----------*              *----------*               *----------*
     #     Iteration = |        6 |   DFPT_dim = |        1 |   Diago_dim = |       22 |
                       *----------*              *----------*               *----------*
       
     --------------------------------------------------------------------------------------------
     Sternheimer eq. solver...                                           
     --------------------------------------------------------------------------------------------
     in progress... |####################| 100% :               01.5s (E)               01.5s (X)
     --------------------------------------------------------------------------------------------
     p-DIAGOX done in < 00.1s with a SCALAPACK grid (2x1)
     --------------------------------------------------------------------------------------------
        
       -1.29273  -1.23138  -1.23138  -1.23138  -0.81967  -0.81967  -0.81967  -0.63852  -0.63592
       -0.63592
        
     --------------------------------------------------------------------------------------------
     Tot. elapsed time 01m-28.3s,  time spent in last iteration 01.5s
     --------------------------------------------------------------------------------------------
      
     --------------------------------------------------------------------------------------------
     Database written in < 00.1s             
     In location : sih4.wstat.save
     --------------------------------------------------------------------------------------------
       
     --------------------------------------------------------------------------------------------
     Convergence achieved !!! in        6 steps                          
     --------------------------------------------------------------------------------------------

     WSTAT        :  2m13.35s CPU     1m28.66s WALL

     wstat_readin :      0.28s CPU      0.28s WALL (       1 calls)
     fetch_nml    :      0.00s CPU      0.00s WALL (       1 calls)
     init_vloc    :      0.02s CPU      0.02s WALL (       2 calls)
     fft          :      0.07s CPU      0.05s WALL (       3 calls)
     fft_scatter  :     12.87s CPU     13.09s WALL (    9351 calls)
     v_of_rho     :      0.04s CPU      0.03s WALL (       1 calls)
     v_xc         :      0.02s CPU      0.01s WALL (       1 calls)
     v_h          :      0.02s CPU      0.02s WALL (       1 calls)
     davcio       :      0.00s CPU      0.00s WALL (       2 calls)
     init_us_1    :      0.02s CPU      0.02s WALL (       2 calls)
     do_setup     :      0.02s CPU      0.02s WALL (       1 calls)
     init_pw_ar   :      0.02s CPU      0.02s WALL (       1 calls)
     storesqvc    :      0.01s CPU      0.01s WALL (       1 calls)
     chidiago     :    133.04s CPU     88.35s WALL (       1 calls)
     randomize    :      0.02s CPU      0.02s WALL (       1 calls)
     paramgs      :      0.02s CPU      0.02s WALL (       8 calls)
     dfpt         :    132.73s CPU     87.87s WALL (       8 calls)
     init_us_2    :      0.02s CPU      0.02s WALL (       8 calls)
     fftw         :    119.63s CPU     74.67s WALL (    9348 calls)
     alphapc      :      0.03s CPU      0.03s WALL (      62 calls)
     linstern     :    123.86s CPU     82.15s WALL (      62 calls)
     stern        :    122.18s CPU     80.48s WALL (    2461 calls)
     h_psi        :    121.28s CPU     79.57s WALL (    2461 calls)
     h_psi:vloc   :    120.24s CPU     78.51s WALL (    2461 calls)
     h_psi:vnl    :      0.77s CPU      0.79s WALL (    2461 calls)
     calbec       :      0.51s CPU      0.52s WALL (    2461 calls)
     add_vuspsi   :      0.25s CPU      0.26s WALL (    2461 calls)
     alphapv      :      0.73s CPU      0.73s WALL (    2461 calls)
     wstat_restar :      0.16s CPU      0.29s WALL (       7 calls)
     build_hr     :      0.02s CPU      0.03s WALL (       7 calls)
     diagox       :     90.91s CPU     61.13s WALL (       1 calls)
     redistr_vr   :      0.00s CPU      0.00s WALL (       6 calls)
     update_vr    :      0.04s CPU      0.04s WALL (       6 calls)
     symm_hr      :      0.00s CPU      0.00s WALL (       6 calls)
     chidiago:las :      0.01s CPU      0.01s WALL (       2 calls)
     refresh_vr   :      0.02s CPU      0.02s WALL (       3 calls)
     pdep_db      :      0.01s CPU      0.03s WALL (       1 calls)

     WSTAT        :  2m13.35s CPU     1m28.66s WALL


   This run was terminated on:  17:37:50  18Jun2015            

=------------------------------------------------------------------------------=
   JOB DONE.
=------------------------------------------------------------------------------=
